[15:00:06] Using gulpfile ~/Repos/lumen/splashpage/gulpfile.js
[15:00:06] Starting 'watch'...
[15:00:06] Finished 'watch' after 13 ms
[15:03:55] Starting 'stylus'...
[15:03:55] Finished 'stylus' after 9.23 ms
[15:03:55] /home/ryan/Repos/lumen/splashpage/public/css/app.css reloaded.
[15:05:52] Starting 'stylus'...
[15:05:52] Finished 'stylus' after 2.12 ms
[15:05:52] /home/ryan/Repos/lumen/splashpage/public/css/app.css reloaded.
[15:06:50] Starting 'stylus'...
[15:06:50] Finished 'stylus' after 1.39 ms
[15:06:50] /home/ryan/Repos/lumen/splashpage/public/css/app.css reloaded.
[15:06:55] Starting 'stylus'...
[15:06:55] Finished 'stylus' after 1.34 ms
[15:06:55] /home/ryan/Repos/lumen/splashpage/public/css/app.css reloaded.
[15:07:03] Starting 'stylus'...
[15:07:03] Finished 'stylus' after 1.12 ms
[15:07:03] /home/ryan/Repos/lumen/splashpage/public/css/app.css reloaded.
[15:08:37] Starting 'stylus'...
[15:08:37] Finished 'stylus' after 1.18 ms
[15:08:37] /home/ryan/Repos/lumen/splashpage/public/css/app.css reloaded.
[15:08:45] Starting 'stylus'...
[15:08:45] Finished 'stylus' after 1.11 ms
[15:08:45] /home/ryan/Repos/lumen/splashpage/public/css/app.css reloaded.
[15:09:11] Starting 'stylus'...
[15:09:11] Finished 'stylus' after 4 ms
[15:09:11] /home/ryan/Repos/lumen/splashpage/public/css/app.css reloaded.
[15:09:18] Starting 'stylus'...
[15:09:18] Finished 'stylus' after 836 μs
[15:09:18] /home/ryan/Repos/lumen/splashpage/public/css/app.css reloaded.
[15:09:27] Starting 'stylus'...
[15:09:27] Finished 'stylus' after 853 μs
[15:09:27] /home/ryan/Repos/lumen/splashpage/public/css/app.css reloaded.
[15:09:31] Starting 'stylus'...
[15:09:31] Finished 'stylus' after 1.3 ms
[15:09:31] /home/ryan/Repos/lumen/splashpage/public/css/app.css reloaded.
[15:09:36] Starting 'stylus'...
[15:09:36] Finished 'stylus' after 805 μs
[15:09:36] /home/ryan/Repos/lumen/splashpage/public/css/app.css reloaded.
[15:09:38] Starting 'stylus'...
[15:09:38] Finished 'stylus' after 609 μs
[15:09:38] /home/ryan/Repos/lumen/splashpage/public/css/app.css reloaded.
[15:15:37] Starting 'stylus'...
[15:15:37] Finished 'stylus' after 1.35 ms
[15:15:37] /home/ryan/Repos/lumen/splashpage/public/css/app.css reloaded.
[15:15:46] Starting 'stylus'...
[15:15:46] Finished 'stylus' after 734 μs
[15:15:46] /home/ryan/Repos/lumen/splashpage/public/css/app.css reloaded.
[15:16:13] Starting 'stylus'...
[15:16:13] Finished 'stylus' after 1.45 ms
[15:16:13] /home/ryan/Repos/lumen/splashpage/public/css/app.css reloaded.
[15:17:16] Starting 'stylus'...
[15:17:16] Finished 'stylus' after 813 μs
[15:17:16] /home/ryan/Repos/lumen/splashpage/public/css/app.css reloaded.
[15:17:20] Starting 'stylus'...
[15:17:20] Finished 'stylus' after 1.16 ms
[15:17:20] /home/ryan/Repos/lumen/splashpage/public/css/app.css reloaded.
[15:17:23] Starting 'stylus'...
[15:17:23] Finished 'stylus' after 833 μs
[15:17:23] /home/ryan/Repos/lumen/splashpage/public/css/app.css reloaded.
[15:17:28] Starting 'stylus'...
[15:17:28] Finished 'stylus' after 2.03 ms
[15:17:28] /home/ryan/Repos/lumen/splashpage/public/css/app.css reloaded.
[15:17:52] Starting 'stylus'...
[15:17:52] Finished 'stylus' after 3.97 ms
[15:17:52] /home/ryan/Repos/lumen/splashpage/public/css/app.css reloaded.
[15:18:04] Starting 'stylus'...
[15:18:04] Finished 'stylus' after 1.03 ms
[15:18:04] /home/ryan/Repos/lumen/splashpage/public/css/app.css reloaded.
[16:54:11] Starting 'stylus'...
[16:54:11] Finished 'stylus' after 702 μs
[16:54:11] /home/ryan/Repos/lumen/splashpage/public/css/app.css reloaded.
[16:54:47] Starting 'stylus'...
[16:54:47] Finished 'stylus' after 788 μs
[16:54:47] /home/ryan/Repos/lumen/splashpage/public/css/app.css reloaded.
[16:55:07] Starting 'stylus'...
[16:55:07] Finished 'stylus' after 797 μs
[16:55:07] /home/ryan/Repos/lumen/splashpage/public/css/app.css reloaded.
[16:55:24] Starting 'stylus'...
[16:55:24] Finished 'stylus' after 1.06 ms
[16:55:24] /home/ryan/Repos/lumen/splashpage/public/css/app.css reloaded.
[16:55:34] Starting 'stylus'...
[16:55:34] Finished 'stylus' after 1.49 ms
[16:55:34] /home/ryan/Repos/lumen/splashpage/public/css/app.css reloaded.
[16:55:39] Starting 'stylus'...
[16:55:39] Finished 'stylus' after 711 μs
[16:55:39] /home/ryan/Repos/lumen/splashpage/public/css/app.css reloaded.
[16:55:46] Starting 'stylus'...
[16:55:46] Finished 'stylus' after 716 μs
[16:55:46] /home/ryan/Repos/lumen/splashpage/public/css/app.css reloaded.
[16:55:53] Starting 'stylus'...
[16:55:53] Finished 'stylus' after 942 μs
[16:55:53] /home/ryan/Repos/lumen/splashpage/public/css/app.css reloaded.
[16:55:59] Starting 'stylus'...
[16:55:59] Finished 'stylus' after 651 μs
[16:55:59] /home/ryan/Repos/lumen/splashpage/public/css/app.css reloaded.
